\BOOKMARK [0][-]{chapter.1}{\376\377\000`\0003\003\001\0009\000`\0004\0002\000`\000"\003\007\0006\0001\0003\000A\000`\000`\0004\0005\000`\0004\0007\000`\000"\0006\0000\0003\000A\000S\000L\0002\000\050\000R\000\051}{}% 1
\BOOKMARK [1][-]{section.1.1}{\376\377\000`\0003\003\001\0009\000`\0004\0002\000`\000"\003\007\0006\0001\0003\000A\000`\000`\0004\0005\000`\0004\0007\000`\000"\0006\0000\0003\000A\000S\000L\0002\000\050\000R\000\051\000\040\000a\000n\000d\000\040\000i\000t\000s\000\040\000a\000c\000t\000i\000o\000n\000\040\000o\000n\000\040\000t\000h\000e\000\040\000u\000p\000p\000e\000r\000\040\000h\000a\000l\000f\000\040\000p\000l\000a\000n\000e\000\040\000`\0003\003\001\0009\000`\0004\0002\000`\000"\003\007\0006\0001\0003\000A\000`\000`\0004\0005\000`\0004\0007\000`\000"\0006\0000\0003\000A\000H}{chapter.1}% 2
\BOOKMARK [1][-]{section.1.2}{\376\377\000F\000u\000n\000d\000a\000m\000e\000n\000t\000a\000l\000\040\000d\000o\000m\000a\000i\000n\000\040\000f\000o\000r\000\040\000=\000\040\000S\000L\0002\000\050\000Z\000\051\000\040\000o\000n\000\040\000H}{chapter.1}% 3
\BOOKMARK [1][-]{section.1.3}{\376\377\000L\000a\000t\000t\000i\000c\000e\000s\000\040\000a\000n\000d\000\040\000s\000e\000m\000i\000-\000s\000t\000a\000b\000i\000l\000i\000t\000y\000\040\000i\000n\000\040\000d\000i\000m\000e\000n\000s\000i\000o\000n\000\040\0002}{chapter.1}% 4
\BOOKMARK [1][-]{section.1.4}{\376\377\000-\000s\000e\000m\000i\000-\000s\000t\000a\000b\000i\000l\000i\000t\000y\000\040\000o\000f\000\040\000l\000a\000t\000t\000i\000c\000e\000s}{chapter.1}% 5
\BOOKMARK [2][-]{subsection.1.4.1}{\376\377\000U\000n\000s\000t\000a\000b\000l\000e\000\040\000l\000a\000t\000t\000i\000c\000e\000s}{section.1.4}% 6
\BOOKMARK [0][-]{chapter.2}{\376\377\000R\000O\000O\000T\000S\000\040\000A\000N\000D\000\040\000W\000E\000I\000G\000H\000T\000S\000\040\000F\000O\000R\000\040\000`\0003\003\001\0009\000`\0004\0002\000`\000"\003\007\0006\0001\0003\000A\000`\000`\0004\0005\000`\0004\0007\000`\000"\0006\0000\0003\000A\000S\000L\000n\000\050\000R\000\051\000/\000`\0003\003\001\0009\000`\0004\0002\000`\000"\003\007\0006\0001\0003\000A\000`\000`\0004\0005\000`\0004\0007\000`\000"\0006\0000\0003\000A\000G\000L\000n\000\050\000R\000\051}{}% 7
\BOOKMARK [1][-]{section.2.1}{\376\377\000S\000t\000r\000u\000c\000t\000u\000r\000e\000\040\000t\000h\000e\000o\000r\000y}{chapter.2}% 8
\BOOKMARK [2][-]{subsection.2.1.1}{\376\377\000T\000h\000e\000\040\000C\000a\000r\000t\000a\000n\000\040\000s\000u\000b\000a\000l\000g\000e\000b\000r\000a}{section.2.1}% 9
\BOOKMARK [2][-]{subsection.2.1.2}{\376\377\000R\000o\000o\000t\000\040\000s\000p\000a\000c\000e\000\040\000d\000e\000c\000o\000m\000p\000o\000s\000i\000t\000i\000o\000n}{section.2.1}% 10
\BOOKMARK [2][-]{subsection.2.1.3}{\376\377\000A\000\040\000s\000p\000e\000c\000i\000f\000i\000c\000\040\000e\000x\000a\000m\000p\000l\000e\000:\000\040\000r\000o\000o\000t\000\040\000s\000p\000a\000c\000e\000\040\000d\000e\000c\000o\000m\000p\000o\000s\000i\000t\000i\000o\000n\000\040\000f\000o\000r\000\040\000s\000l\000n\000\050\000R\000\051}{section.2.1}% 11
\BOOKMARK [2][-]{subsection.2.1.4}{\376\377\000R\000o\000o\000t\000s\000\040\000a\000t\000\040\000g\000r\000o\000u\000p\000\040\000l\000e\000v\000e\000l}{section.2.1}% 12
\BOOKMARK [2][-]{subsection.2.1.5}{\376\377\000W\000e\000i\000g\000h\000t\000s}{section.2.1}% 13
\BOOKMARK [2][-]{subsection.2.1.6}{\376\377\000W\000e\000y\000l\000\040\000g\000r\000o\000u\000p}{section.2.1}% 14
\BOOKMARK [2][-]{subsection.2.1.7}{\376\377\000C\000a\000r\000t\000a\000n\000\040\000m\000a\000t\000r\000i\000x}{section.2.1}% 15
\BOOKMARK [1][-]{section.2.2}{\376\377\000P\000a\000r\000a\000b\000o\000l\000i\000c\000\040\000s\000u\000b\000g\000r\000o\000u\000p\000s}{chapter.2}% 16
\BOOKMARK [2][-]{subsection.2.2.1}{\376\377\000P\000a\000r\000a\000b\000o\000l\000i\000c\000\040\000s\000u\000b\000g\000r\000o\000u\000p\000s\000\040\000I\000:\000\040\000A\000n\000\040\000e\000x\000p\000l\000i\000c\000i\000t\000\040\000d\000e\000s\000c\000r\000i\000p\000t\000i\000o\000n\000\040}{section.2.2}% 17
\BOOKMARK [2][-]{subsection.2.2.2}{\376\377\000P\000a\000r\000a\000b\000o\000l\000i\000c\000\040\000s\000u\000b\000g\000r\000o\000u\000p\000s\000\040\000I\000I\000:\000\040\000U\000s\000i\000n\000g\000\040\000B\000N\000-\000p\000a\000i\000r\000s}{section.2.2}% 18
\BOOKMARK [2][-]{subsection.2.2.3}{\376\377\000P\000a\000r\000a\000b\000o\000l\000i\000c\000\040\000s\000e\000t\000s\000\040\000a\000n\000d\000\040\000p\000a\000r\000a\000b\000o\000l\000i\000c\000\040\000s\000u\000b\000a\000l\000g\000e\000b\000r\000a\000s}{section.2.2}% 19
\BOOKMARK [2][-]{subsection.2.2.4}{\376\377\000L\000a\000n\000g\000l\000a\000n\000d\000s\000\040\000d\000e\000c\000o\000m\000p\000o\000s\000i\000t\000i\000o\000n}{section.2.2}% 20
\BOOKMARK [2][-]{subsection.2.2.5}{\376\377\000I\000w\000a\000s\000a\000w\000a\000\040\000d\000e\000c\000o\000m\000p\000o\000s\000i\000t\000i\000o\000n\000\040\000a\000n\000d\000\040\000P\000-\000h\000o\000r\000o\000s\000p\000h\000e\000r\000i\000c\000a\000l\000\040\000d\000e\000c\000o\000m\000p\000o\000s\000i\000t\000i\000o\000n}{section.2.2}% 21
\BOOKMARK [2][-]{subsection.2.2.6}{\376\377\000O\000n\000\040\000t\000h\000e\000\040\000f\000u\000n\000c\000t\000i\000o\000n\000\040\000H\000P}{section.2.2}% 22
\BOOKMARK [0][-]{chapter.3}{\376\377\000S\000E\000M\000I\000-\000S\000T\000A\000B\000L\000E\000\040\000L\000A\000T\000T\000I\000C\000E\000\040\000I\000N\000\040\000H\000I\000G\000H\000E\000R\000\040\000R\000A\000N\000K}{}% 23
\BOOKMARK [1][-]{section.3.1}{\376\377\000L\000a\000t\000t\000i\000c\000e\000s\000\040\000i\000n\000\040\000h\000i\000g\000h\000e\000r\000\040\000r\000a\000n\000k}{chapter.3}% 24
\BOOKMARK [2][-]{subsection.3.1.1}{\376\377\000F\000i\000r\000s\000t\000\040\000d\000e\000f\000i\000n\000i\000t\000i\000o\000n\000\040\000o\000f\000\040\000l\000a\000t\000t\000i\000c\000e\000s}{section.3.1}% 25
\BOOKMARK [2][-]{subsection.3.1.2}{\376\377\000A\000n\000\040\000a\000l\000t\000e\000r\000n\000a\000t\000i\000v\000e\000\040\000d\000e\000f\000i\000n\000i\000t\000i\000o\000n\000\040\000o\000f\000\040\000l\000a\000t\000t\000i\000c\000e\000s}{section.3.1}% 26
\BOOKMARK [2][-]{subsection.3.1.3}{\376\377\000E\000q\000u\000i\000v\000a\000l\000e\000n\000c\000e\000\040\000b\000e\000t\000w\000e\000e\000n\000\040\000t\000w\000o\000\040\000d\000e\000f\000i\000n\000i\000t\000i\000o\000n\000s\000\040\000o\000f\000\040\000l\000a\000t\000t\000i\000c\000e\000s}{section.3.1}% 27
\BOOKMARK [2][-]{subsection.3.1.4}{\376\377\000C\000o\000v\000o\000l\000u\000m\000e\000\040\000o\000f\000\040\000a\000\040\000l\000a\000t\000t\000i\000c\000e}{section.3.1}% 28
\BOOKMARK [2][-]{subsection.3.1.5}{\376\377\000S\000u\000b\000l\000a\000t\000t\000i\000c\000e\000s}{section.3.1}% 29
\BOOKMARK [1][-]{section.3.2}{\376\377\000G\000r\000a\000y\000s\000o\000n\000'\000s\000\040\000d\000e\000f\000i\000n\000i\000t\000i\000o\000n\000\040\000o\000f\000\040\000s\000e\000m\000i\000s\000t\000a\000b\000l\000i\000l\000i\000t\000y}{chapter.3}% 30
\BOOKMARK [2][-]{subsection.3.2.1}{\376\377\000G\000r\000a\000y\000s\000o\000n\000'\000s\000\040\000d\000e\000f\000i\000n\000i\000t\000i\000o\000n}{section.3.2}% 31
\BOOKMARK [2][-]{subsection.3.2.2}{\376\377\000C\000a\000n\000o\000n\000i\000c\000a\000l\000\040\000f\000i\000l\000t\000r\000a\000t\000i\000o\000n}{section.3.2}% 32
\BOOKMARK [1][-]{section.3.3}{\376\377\000-\000\040\000d\000e\000f\000i\000n\000i\000t\000i\000o\000n\000\040\000o\000f\000\040\000s\000e\000m\000i\000-\000s\000t\000a\000b\000i\000l\000i\000t\000y}{chapter.3}% 33
\BOOKMARK [1][-]{section.3.4}{\376\377\000C\000a\000n\000o\000n\000i\000c\000a\000l\000\040\000p\000a\000i\000r}{chapter.3}% 34
\BOOKMARK [0][-]{chapter.4}{\376\377\000D\000i\000f\000f\000e\000r\000e\000n\000t\000\040\000n\000o\000t\000i\000o\000n\000s\000\040\000o\000f\000\040\000s\000e\000m\000i\000s\000t\000a\000b\000l\000i\000l\000i\000t\000y\000\040\000a\000r\000e\000\040\000e\000q\000u\000i\000v\000a\000l\000e\000n\000t}{}% 35
\BOOKMARK [1][-]{section.4.1}{\376\377\000T\000h\000e\000\040\000e\000q\000u\000i\000v\000a\000l\000e\000n\000t\000\040\000b\000e\000t\000w\000e\000e\000n\000\040\000d\000e\000f\000i\000n\000i\000t\000i\000o\000n\000s\000\040\000o\000f\000\040\000s\000e\000m\000i\000-\000s\000t\000a\000b\000l\000e\000\040\000l\000a\000t\000t\000i\000c\000e\000s}{chapter.4}% 36
